2022-04-08 10:02:12.684 ERROR 17235 --- [main] o.s.boot.SpringApplication               : Application run failed

java.lang.IllegalStateException: Logback configuration error detected: 
ERROR in ch.qos.logback.core.rolling.RollingFileAppender[SAVE-TO-FILE] - Failed to create parent directories for [/var/log/vocabulary-service/vocabulary-service.log]
ERROR in ch.qos.logback.core.rolling.RollingFileAppender[SAVE-TO-FILE] - openFile(/var/log/vocabulary-service/vocabulary-service.log,true) call failed. java.io.FileNotFoundException: /var/log/vocabulary-service/vocabulary-service.log (No such file or directory)
ERROR in ch.qos.logback.core.rolling.RollingFileAppender[SAVE-TO-FILE] - Failed to create parent directories for [/var/log/vocabulary-service/vocabulary-service.log]
ERROR in ch.qos.logback.core.rolling.RollingFileAppender[SAVE-TO-FILE] - openFile(/var/log/vocabulary-service//vocabulary-service.log,true) call failed. java.io.FileNotFoundException: /var/log/vocabulary-service/vocabulary-service.log (No such file or directory)
	at org.springframework.boot.logging.logback.LogbackLoggingSystem.loadConfiguration(LogbackLoggingSystem.java:169)
	at org.springframework.boot.logging.AbstractLoggingSystem.initializeWithConventions(AbstractLoggingSystem.java:82)
	at org.springframework.boot.logging.AbstractLoggingSystem.initialize(AbstractLoggingSystem.java:60)
	at org.springframework.boot.logging.logback.LogbackLoggingSystem.initialize(LogbackLoggingSystem.java:117)
	at org.springframework.boot.context.logging.LoggingApplicationListener.initializeSystem(LoggingApplicationListener.java:293)
	at org.springframework.boot.context.logging.LoggingApplicationListener.initialize(LoggingApplicationListener.java:266)
	at org.springframework.boot.context.logging.LoggingApplicationListener.onApplicationEnvironmentPreparedEvent(LoggingApplicationListener.java:229)
	at org.springframework.boot.context.logging.LoggingApplicationListener.onApplicationEvent(LoggingApplicationListener.java:202)
	at org.springframework.context.event.SimpleApplicationEventMulticaster.doInvokeListener(SimpleApplicationEventMulticaster.java:172)
	at org.springframework.context.event.SimpleApplicationEventMulticaster.invokeListener(SimpleApplicationEventMulticaster.java:165)
	at org.springframework.context.event.SimpleApplicationEventMulticaster.multicastEvent(SimpleApplicationEventMulticaster.java:139)
	at org.springframework.context.event.SimpleApplicationEventMulticaster.multicastEvent(SimpleApplicationEventMulticaster.java:127)
	at org.springframework.boot.context.event.EventPublishingRunListener.environmentPrepared(EventPublishingRunListener.java:75)
	at org.springframework.boot.SpringApplicationRunListeners.environmentPrepared(SpringApplicationRunListeners.java:54)
	at org.springframework.boot.SpringApplication.prepareEnvironment(SpringApplication.java:347)
	at org.springframework.boot.SpringApplication.run(SpringApplication.java:306)
	at org.springframework.boot.SpringApplication.run(SpringApplication.java:1260)
	at org.springframework.boot.SpringApplication.run(SpringApplication.java:1248)
	at gov.nist.hit.vs.bootstrap.app.App.main(App.java:58)

2022-04-08 10:03:48.547 ERROR 17299 --- [main] o.s.boot.SpringApplication               : Application run failed

java.lang.IllegalStateException: Logback configuration error detected: 
ERROR in ch.qos.logback.core.rolling.RollingFileAppender[SAVE-TO-FILE] - openFile(/var/log/vocabulary-service/vocabulary-service.log,true) call failed. java.io.FileNotFoundException: /var/log/vocabulary-service/vocabulary-service.log (Permission denied)
ERROR in ch.qos.logback.core.rolling.RollingFileAppender[SAVE-TO-FILE] - openFile(/var/log/vocabulary-service//vocabulary-service.log,true) call failed. java.io.FileNotFoundException: /var/log/vocabulary-service/vocabulary-service.log (Permission denied)
	at org.springframework.boot.logging.logback.LogbackLoggingSystem.loadConfiguration(LogbackLoggingSystem.java:169)
	at org.springframework.boot.logging.AbstractLoggingSystem.initializeWithConventions(AbstractLoggingSystem.java:82)
	at org.springframework.boot.logging.AbstractLoggingSystem.initialize(AbstractLoggingSystem.java:60)
	at org.springframework.boot.logging.logback.LogbackLoggingSystem.initialize(LogbackLoggingSystem.java:117)
	at org.springframework.boot.context.logging.LoggingApplicationListener.initializeSystem(LoggingApplicationListener.java:293)
	at org.springframework.boot.context.logging.LoggingApplicationListener.initialize(LoggingApplicationListener.java:266)
	at org.springframework.boot.context.logging.LoggingApplicationListener.onApplicationEnvironmentPreparedEvent(LoggingApplicationListener.java:229)
	at org.springframework.boot.context.logging.LoggingApplicationListener.onApplicationEvent(LoggingApplicationListener.java:202)
	at org.springframework.context.event.SimpleApplicationEventMulticaster.doInvokeListener(SimpleApplicationEventMulticaster.java:172)
	at org.springframework.context.event.SimpleApplicationEventMulticaster.invokeListener(SimpleApplicationEventMulticaster.java:165)
	at org.springframework.context.event.SimpleApplicationEventMulticaster.multicastEvent(SimpleApplicationEventMulticaster.java:139)
	at org.springframework.context.event.SimpleApplicationEventMulticaster.multicastEvent(SimpleApplicationEventMulticaster.java:127)
	at org.springframework.boot.context.event.EventPublishingRunListener.environmentPrepared(EventPublishingRunListener.java:75)
	at org.springframework.boot.SpringApplicationRunListeners.environmentPrepared(SpringApplicationRunListeners.java:54)
	at org.springframework.boot.SpringApplication.prepareEnvironment(SpringApplication.java:347)
	at org.springframework.boot.SpringApplication.run(SpringApplication.java:306)
	at org.springframework.boot.SpringApplication.run(SpringApplication.java:1260)
	at org.springframework.boot.SpringApplication.run(SpringApplication.java:1248)
	at gov.nist.hit.vs.bootstrap.app.App.main(App.java:58)

2022-04-08 10:04:19.672  INFO 17312 --- [main] gov.nist.hit.vs.bootstrap.app.App        : Starting App on PN120360.local with PID 17312 (/Users/inm1/Desktop/Projects/Vocabulary_Service/Vocabulary_Service/vocabulary-service/bootstrap/target/classes started by inm1 in /Users/inm1/Desktop/Projects/Vocabulary_Service/Vocabulary_Service/vocabulary-service/bootstrap)
2022-04-08 10:04:19.677  INFO 17312 --- [main] gov.nist.hit.vs.bootstrap.app.App        : No active profile set, falling back to default profiles: default
2022-04-08 10:04:20.406  INFO 17312 --- [main] .s.d.r.c.RepositoryConfigurationDelegate : Multiple Spring Data modules found, entering strict repository configuration mode!
2022-04-08 10:04:20.407  INFO 17312 --- [main] .s.d.r.c.RepositoryConfigurationDelegate : Bootstrapping Spring Data repositories in DEFAULT mode.
2022-04-08 10:04:20.492  INFO 17312 --- [main] .s.d.r.c.RepositoryConfigurationDelegate : Finished Spring Data repository scanning in 80ms. Found 4 repository interfaces.
2022-04-08 10:04:20.964  INFO 17312 --- [main] trationDelegate$BeanPostProcessorChecker : Bean 'org.springframework.security.config.annotation.configuration.ObjectPostProcessorConfiguration' of type [org.springframework.security.config.annotation.configuration.ObjectPostProcessorConfiguration$$EnhancerBySpringCGLIB$$4edb61f6] is not eligible for getting processed by all BeanPostProcessors (for example: not eligible for auto-proxying)
2022-04-08 10:04:20.972  INFO 17312 --- [main] trationDelegate$BeanPostProcessorChecker : Bean 'objectPostProcessor' of type [org.springframework.security.config.annotation.configuration.AutowireBeanFactoryObjectPostProcessor] is not eligible for getting processed by all BeanPostProcessors (for example: not eligible for auto-proxying)
2022-04-08 10:04:20.975  INFO 17312 --- [main] trationDelegate$BeanPostProcessorChecker : Bean 'org.springframework.security.access.expression.method.DefaultMethodSecurityExpressionHandler@61af1510' of type [org.springframework.security.access.expression.method.DefaultMethodSecurityExpressionHandler] is not eligible for getting processed by all BeanPostProcessors (for example: not eligible for auto-proxying)
2022-04-08 10:04:20.976  INFO 17312 --- [main] trationDelegate$BeanPostProcessorChecker : Bean 'org.springframework.security.config.annotation.method.configuration.GlobalMethodSecurityConfiguration' of type [org.springframework.security.config.annotation.method.configuration.GlobalMethodSecurityConfiguration$$EnhancerBySpringCGLIB$$73b004a8] is not eligible for getting processed by all BeanPostProcessors (for example: not eligible for auto-proxying)
2022-04-08 10:04:20.980  INFO 17312 --- [main] trationDelegate$BeanPostProcessorChecker : Bean 'methodSecurityMetadataSource' of type [org.springframework.security.access.method.DelegatingMethodSecurityMetadataSource] is not eligible for getting processed by all BeanPostProcessors (for example: not eligible for auto-proxying)
2022-04-08 10:04:21.387  INFO 17312 --- [main] o.s.b.w.embedded.tomcat.TomcatWebServer  : Tomcat initialized with port(s): 9004 (http)
2022-04-08 10:04:21.412  INFO 17312 --- [main] o.apache.catalina.core.StandardService   : Starting service [Tomcat]
2022-04-08 10:04:21.413  INFO 17312 --- [main] org.apache.catalina.core.StandardEngine  : Starting Servlet engine: [Apache Tomcat/9.0.16]
2022-04-08 10:04:21.423  INFO 17312 --- [main] o.a.catalina.core.AprLifecycleListener   : The APR based Apache Tomcat Native library which allows optimal performance in production environments was not found on the java.library.path: [/Users/inm1/Library/Java/Extensions:/Library/Java/Extensions:/Network/Library/Java/Extensions:/System/Library/Java/Extensions:/usr/lib/java:.]
2022-04-08 10:04:21.538  INFO 17312 --- [main] o.a.c.c.C.[Tomcat].[localhost].[/]       : Initializing Spring embedded WebApplicationContext
2022-04-08 10:04:26.819  INFO 17312 --- [main] org.mongodb.driver.cluster               : Cluster created with settings {hosts=[localhost:27017], mode=SINGLE, requiredClusterType=UNKNOWN, serverSelectionTimeout='30000 ms', maxWaitQueueSize=500}
2022-04-08 10:04:27.307  INFO 17312 --- [cluster-ClusterId{value='625040eac21bdf43a0c48b6a', description='null'}-localhost:27017] org.mongodb.driver.connection            : Opened connection [connectionId{localValue:1, serverValue:15}] to localhost:27017
2022-04-08 10:04:27.316  INFO 17312 --- [cluster-ClusterId{value='625040eac21bdf43a0c48b6a', description='null'}-localhost:27017] org.mongodb.driver.cluster               : Monitor thread successfully connected to server with description ServerDescription{address=localhost:27017, type=STANDALONE, state=CONNECTED, ok=true, version=ServerVersion{versionList=[4, 0, 3]}, minWireVersion=0, maxWireVersion=7, maxDocumentSize=16777216, logicalSessionTimeoutMinutes=30, roundTripTimeNanos=3952625}
2022-04-08 10:04:27.369  INFO 17312 --- [main] org.mongodb.driver.connection            : Opened connection [connectionId{localValue:2, serverValue:16}] to localhost:27017
2022-04-08 10:04:27.435  INFO 17312 --- [main] g.n.h.v.b.util.PhinvadsScheduler         : The time is now 10:04:27
2022-04-08 10:04:27.435  INFO 17312 --- [main] g.n.h.v.b.util.PhinvadsScheduler         : PHINVADSValueSetDigger started at Fri Apr 08 10:04:27 EDT 2022
2022-04-08 10:06:12.268  INFO 17356 --- [main] gov.nist.hit.vs.bootstrap.app.App        : Starting App on PN120360.local with PID 17356 (/Users/inm1/Desktop/Projects/Vocabulary_Service/Vocabulary_Service/vocabulary-service/bootstrap/target/classes started by inm1 in /Users/inm1/Desktop/Projects/Vocabulary_Service/Vocabulary_Service/vocabulary-service/bootstrap)
2022-04-08 10:06:12.271  INFO 17356 --- [main] gov.nist.hit.vs.bootstrap.app.App        : No active profile set, falling back to default profiles: default
2022-04-08 10:06:13.128  INFO 17356 --- [main] .s.d.r.c.RepositoryConfigurationDelegate : Multiple Spring Data modules found, entering strict repository configuration mode!
2022-04-08 10:06:13.130  INFO 17356 --- [main] .s.d.r.c.RepositoryConfigurationDelegate : Bootstrapping Spring Data repositories in DEFAULT mode.
2022-04-08 10:06:13.233  INFO 17356 --- [main] .s.d.r.c.RepositoryConfigurationDelegate : Finished Spring Data repository scanning in 97ms. Found 4 repository interfaces.
2022-04-08 10:06:13.761  INFO 17356 --- [main] trationDelegate$BeanPostProcessorChecker : Bean 'org.springframework.security.config.annotation.configuration.ObjectPostProcessorConfiguration' of type [org.springframework.security.config.annotation.configuration.ObjectPostProcessorConfiguration$$EnhancerBySpringCGLIB$$26a64e28] is not eligible for getting processed by all BeanPostProcessors (for example: not eligible for auto-proxying)
2022-04-08 10:06:13.768  INFO 17356 --- [main] trationDelegate$BeanPostProcessorChecker : Bean 'objectPostProcessor' of type [org.springframework.security.config.annotation.configuration.AutowireBeanFactoryObjectPostProcessor] is not eligible for getting processed by all BeanPostProcessors (for example: not eligible for auto-proxying)
2022-04-08 10:06:13.770  INFO 17356 --- [main] trationDelegate$BeanPostProcessorChecker : Bean 'org.springframework.security.access.expression.method.DefaultMethodSecurityExpressionHandler@59e43e8c' of type [org.springframework.security.access.expression.method.DefaultMethodSecurityExpressionHandler] is not eligible for getting processed by all BeanPostProcessors (for example: not eligible for auto-proxying)
2022-04-08 10:06:13.771  INFO 17356 --- [main] trationDelegate$BeanPostProcessorChecker : Bean 'org.springframework.security.config.annotation.method.configuration.GlobalMethodSecurityConfiguration' of type [org.springframework.security.config.annotation.method.configuration.GlobalMethodSecurityConfiguration$$EnhancerBySpringCGLIB$$4b7af0da] is not eligible for getting processed by all BeanPostProcessors (for example: not eligible for auto-proxying)
2022-04-08 10:06:13.775  INFO 17356 --- [main] trationDelegate$BeanPostProcessorChecker : Bean 'methodSecurityMetadataSource' of type [org.springframework.security.access.method.DelegatingMethodSecurityMetadataSource] is not eligible for getting processed by all BeanPostProcessors (for example: not eligible for auto-proxying)
2022-04-08 10:06:14.176  INFO 17356 --- [main] o.s.b.w.embedded.tomcat.TomcatWebServer  : Tomcat initialized with port(s): 9004 (http)
2022-04-08 10:06:14.202  INFO 17356 --- [main] o.apache.catalina.core.StandardService   : Starting service [Tomcat]
2022-04-08 10:06:14.202  INFO 17356 --- [main] org.apache.catalina.core.StandardEngine  : Starting Servlet engine: [Apache Tomcat/9.0.16]
2022-04-08 10:06:14.211  INFO 17356 --- [main] o.a.catalina.core.AprLifecycleListener   : The APR based Apache Tomcat Native library which allows optimal performance in production environments was not found on the java.library.path: [/Users/inm1/Library/Java/Extensions:/Library/Java/Extensions:/Network/Library/Java/Extensions:/System/Library/Java/Extensions:/usr/lib/java:.]
2022-04-08 10:06:14.328  INFO 17356 --- [main] o.a.c.c.C.[Tomcat].[localhost].[/]       : Initializing Spring embedded WebApplicationContext
2022-04-08 10:06:19.654  INFO 17356 --- [main] org.mongodb.driver.cluster               : Cluster created with settings {hosts=[localhost:27017], mode=SINGLE, requiredClusterType=UNKNOWN, serverSelectionTimeout='30000 ms', maxWaitQueueSize=500}
2022-04-08 10:06:19.729  INFO 17356 --- [cluster-ClusterId{value='6250415bc21bdf43ccf601b7', description='null'}-localhost:27017] org.mongodb.driver.connection            : Opened connection [connectionId{localValue:1, serverValue:17}] to localhost:27017
2022-04-08 10:06:19.736  INFO 17356 --- [cluster-ClusterId{value='6250415bc21bdf43ccf601b7', description='null'}-localhost:27017] org.mongodb.driver.cluster               : Monitor thread successfully connected to server with description ServerDescription{address=localhost:27017, type=STANDALONE, state=CONNECTED, ok=true, version=ServerVersion{versionList=[4, 0, 3]}, minWireVersion=0, maxWireVersion=7, maxDocumentSize=16777216, logicalSessionTimeoutMinutes=30, roundTripTimeNanos=3040234}
2022-04-08 10:06:20.235  INFO 17356 --- [main] org.mongodb.driver.connection            : Opened connection [connectionId{localValue:2, serverValue:18}] to localhost:27017
2022-04-08 10:06:20.362  INFO 17356 --- [main] ca.uhn.fhir.util.VersionUtil             : HAPI FHIR version 4.0.0 - Rev 5ddd6c87bb
2022-04-08 10:06:20.370  INFO 17356 --- [main] ca.uhn.fhir.context.FhirContext          : Creating new FHIR context for FHIR version [R4]
2022-04-08 10:06:20.948  INFO 17356 --- [main] pertySourcedRequestMappingHandlerMapping : Mapped URL path [/v2/api-docs] onto method [public org.springframework.http.ResponseEntity<springfox.documentation.spring.web.json.Json> springfox.documentation.swagger2.web.Swagger2Controller.getDocumentation(java.lang.String,javax.servlet.http.HttpServletRequest)]
2022-04-08 10:06:21.078  INFO 17356 --- [main] o.s.s.web.DefaultSecurityFilterChain     : Creating filter chain: any request, [org.springframework.security.web.context.request.async.WebAsyncManagerIntegrationFilter@9a9aa68, org.springframework.security.web.context.SecurityContextPersistenceFilter@7a3f08b6, org.springframework.security.web.header.HeaderWriterFilter@53982523, org.springframework.security.web.authentication.logout.LogoutFilter@3b57dba4, gov.nist.hit.vs.auth.config.JwtRequestFilter@671ea6ff, org.springframework.security.web.savedrequest.RequestCacheAwareFilter@5fb5ad40, org.springframework.security.web.servletapi.SecurityContextHolderAwareRequestFilter@751d7425, org.springframework.security.web.authentication.AnonymousAuthenticationFilter@3a3883c4, org.springframework.security.web.session.SessionManagementFilter@77c66a4f, org.springframework.security.web.access.ExceptionTranslationFilter@6a8a551e, org.springframework.security.web.access.intercept.FilterSecurityInterceptor@437281c5]
2022-04-08 10:06:21.233  INFO 17356 --- [main] o.s.s.concurrent.ThreadPoolTaskExecutor  : Initializing ExecutorService 'applicationTaskExecutor'
2022-04-08 10:06:21.325  WARN 17356 --- [main] ion$DefaultTemplateResolverConfiguration : Cannot find template location: classpath:/templates/ (please add some templates or check your Thymeleaf configuration)
2022-04-08 10:06:21.461  INFO 17356 --- [main] o.s.s.c.ThreadPoolTaskScheduler          : Initializing ExecutorService 'taskScheduler'
2022-04-08 10:06:21.503  INFO 17356 --- [main] d.s.w.p.DocumentationPluginsBootstrapper : Context refreshed
2022-04-08 10:06:21.540  INFO 17356 --- [main] d.s.w.p.DocumentationPluginsBootstrapper : Found 1 custom documentation plugin(s)
2022-04-08 10:06:21.578  INFO 17356 --- [main] s.d.s.w.s.ApiListingReferenceScanner     : Scanning for api listing references
2022-04-08 10:06:21.808  INFO 17356 --- [main] o.s.b.w.embedded.tomcat.TomcatWebServer  : Tomcat started on port(s): 9004 (http) with context path ''
2022-04-08 10:06:21.810  INFO 17356 --- [main] gov.nist.hit.vs.bootstrap.app.App        : Started App in 29.856 seconds (JVM running for 30.343)
2022-04-08 10:07:28.007  INFO 17356 --- [http-nio-9004-exec-1] o.a.c.c.C.[Tomcat].[localhost].[/]       : Initializing Spring DispatcherServlet 'dispatcherServlet'
2022-04-08 10:07:28.044  WARN 17356 --- [http-nio-9004-exec-1] g.n.hit.vs.auth.config.JwtRequestFilter  : JWT Token does not begin with Bearer String
2022-04-08 10:07:28.264  WARN 17356 --- [http-nio-9004-exec-2] g.n.hit.vs.auth.config.JwtRequestFilter  : JWT Token does not begin with Bearer String
2022-04-08 10:09:33.844  INFO 17356 --- [Thread-3] o.s.s.c.ThreadPoolTaskScheduler          : Shutting down ExecutorService 'taskScheduler'
2022-04-08 10:09:33.846  INFO 17356 --- [Thread-3] o.s.s.concurrent.ThreadPoolTaskExecutor  : Shutting down ExecutorService 'applicationTaskExecutor'
2022-04-08 10:10:06.923  INFO 17506 --- [main] gov.nist.hit.vs.bootstrap.app.App        : Starting App on PN120360.local with PID 17506 (/Users/inm1/Desktop/Projects/Vocabulary_Service/Vocabulary_Service/vocabulary-service/bootstrap/target/classes started by inm1 in /Users/inm1/Desktop/Projects/Vocabulary_Service/Vocabulary_Service/vocabulary-service/bootstrap)
2022-04-08 10:10:06.926  INFO 17506 --- [main] gov.nist.hit.vs.bootstrap.app.App        : No active profile set, falling back to default profiles: default
2022-04-08 10:10:07.590  INFO 17506 --- [main] .s.d.r.c.RepositoryConfigurationDelegate : Multiple Spring Data modules found, entering strict repository configuration mode!
2022-04-08 10:10:07.592  INFO 17506 --- [main] .s.d.r.c.RepositoryConfigurationDelegate : Bootstrapping Spring Data repositories in DEFAULT mode.
2022-04-08 10:10:07.678  INFO 17506 --- [main] .s.d.r.c.RepositoryConfigurationDelegate : Finished Spring Data repository scanning in 81ms. Found 4 repository interfaces.
2022-04-08 10:10:08.123  INFO 17506 --- [main] trationDelegate$BeanPostProcessorChecker : Bean 'org.springframework.security.config.annotation.configuration.ObjectPostProcessorConfiguration' of type [org.springframework.security.config.annotation.configuration.ObjectPostProcessorConfiguration$$EnhancerBySpringCGLIB$$451fe6c1] is not eligible for getting processed by all BeanPostProcessors (for example: not eligible for auto-proxying)
2022-04-08 10:10:08.130  INFO 17506 --- [main] trationDelegate$BeanPostProcessorChecker : Bean 'objectPostProcessor' of type [org.springframework.security.config.annotation.configuration.AutowireBeanFactoryObjectPostProcessor] is not eligible for getting processed by all BeanPostProcessors (for example: not eligible for auto-proxying)
2022-04-08 10:10:08.131  INFO 17506 --- [main] trationDelegate$BeanPostProcessorChecker : Bean 'org.springframework.security.access.expression.method.DefaultMethodSecurityExpressionHandler@2e060819' of type [org.springframework.security.access.expression.method.DefaultMethodSecurityExpressionHandler] is not eligible for getting processed by all BeanPostProcessors (for example: not eligible for auto-proxying)
2022-04-08 10:10:08.132  INFO 17506 --- [main] trationDelegate$BeanPostProcessorChecker : Bean 'org.springframework.security.config.annotation.method.configuration.GlobalMethodSecurityConfiguration' of type [org.springframework.security.config.annotation.method.configuration.GlobalMethodSecurityConfiguration$$EnhancerBySpringCGLIB$$69f48973] is not eligible for getting processed by all BeanPostProcessors (for example: not eligible for auto-proxying)
2022-04-08 10:10:08.136  INFO 17506 --- [main] trationDelegate$BeanPostProcessorChecker : Bean 'methodSecurityMetadataSource' of type [org.springframework.security.access.method.DelegatingMethodSecurityMetadataSource] is not eligible for getting processed by all BeanPostProcessors (for example: not eligible for auto-proxying)
2022-04-08 10:10:08.473  INFO 17506 --- [main] o.s.b.w.embedded.tomcat.TomcatWebServer  : Tomcat initialized with port(s): 9004 (http)
2022-04-08 10:10:08.494  INFO 17506 --- [main] o.apache.catalina.core.StandardService   : Starting service [Tomcat]
2022-04-08 10:10:08.495  INFO 17506 --- [main] org.apache.catalina.core.StandardEngine  : Starting Servlet engine: [Apache Tomcat/9.0.16]
2022-04-08 10:10:08.502  INFO 17506 --- [main] o.a.catalina.core.AprLifecycleListener   : The APR based Apache Tomcat Native library which allows optimal performance in production environments was not found on the java.library.path: [/Users/inm1/Library/Java/Extensions:/Library/Java/Extensions:/Network/Library/Java/Extensions:/System/Library/Java/Extensions:/usr/lib/java:.]
2022-04-08 10:10:08.615  INFO 17506 --- [main] o.a.c.c.C.[Tomcat].[localhost].[/]       : Initializing Spring embedded WebApplicationContext
2022-04-08 10:10:13.910  INFO 17506 --- [main] org.mongodb.driver.cluster               : Cluster created with settings {hosts=[localhost:27017], mode=SINGLE, requiredClusterType=UNKNOWN, serverSelectionTimeout='30000 ms', maxWaitQueueSize=500}
2022-04-08 10:10:13.985  INFO 17506 --- [cluster-ClusterId{value='62504245c21bdf446294e7b7', description='null'}-localhost:27017] org.mongodb.driver.connection            : Opened connection [connectionId{localValue:1, serverValue:19}] to localhost:27017
2022-04-08 10:10:13.992  INFO 17506 --- [cluster-ClusterId{value='62504245c21bdf446294e7b7', description='null'}-localhost:27017] org.mongodb.driver.cluster               : Monitor thread successfully connected to server with description ServerDescription{address=localhost:27017, type=STANDALONE, state=CONNECTED, ok=true, version=ServerVersion{versionList=[4, 0, 3]}, minWireVersion=0, maxWireVersion=7, maxDocumentSize=16777216, logicalSessionTimeoutMinutes=30, roundTripTimeNanos=2994358}
2022-04-08 10:10:14.428  INFO 17506 --- [main] org.mongodb.driver.connection            : Opened connection [connectionId{localValue:2, serverValue:20}] to localhost:27017
2022-04-08 10:10:14.537  INFO 17506 --- [main] ca.uhn.fhir.util.VersionUtil             : HAPI FHIR version 4.0.0 - Rev 5ddd6c87bb
2022-04-08 10:10:14.540  INFO 17506 --- [main] ca.uhn.fhir.context.FhirContext          : Creating new FHIR context for FHIR version [R4]
2022-04-08 10:10:15.027  INFO 17506 --- [main] pertySourcedRequestMappingHandlerMapping : Mapped URL path [/v2/api-docs] onto method [public org.springframework.http.ResponseEntity<springfox.documentation.spring.web.json.Json> springfox.documentation.swagger2.web.Swagger2Controller.getDocumentation(java.lang.String,javax.servlet.http.HttpServletRequest)]
2022-04-08 10:10:15.179  INFO 17506 --- [main] o.s.s.web.DefaultSecurityFilterChain     : Creating filter chain: any request, [org.springframework.security.web.context.request.async.WebAsyncManagerIntegrationFilter@c97721b, org.springframework.security.web.context.SecurityContextPersistenceFilter@38811103, org.springframework.security.web.header.HeaderWriterFilter@7ac058a0, org.springframework.security.web.authentication.logout.LogoutFilter@3d1c933, gov.nist.hit.vs.auth.config.JwtRequestFilter@17fede14, org.springframework.security.web.savedrequest.RequestCacheAwareFilter@2becfd4c, org.springframework.security.web.servletapi.SecurityContextHolderAwareRequestFilter@79e10fb4, org.springframework.security.web.authentication.AnonymousAuthenticationFilter@283ab206, org.springframework.security.web.session.SessionManagementFilter@1eb9bf60, org.springframework.security.web.access.ExceptionTranslationFilter@2616b618, org.springframework.security.web.access.intercept.FilterSecurityInterceptor@66756662]
2022-04-08 10:10:15.352  INFO 17506 --- [main] o.s.s.concurrent.ThreadPoolTaskExecutor  : Initializing ExecutorService 'applicationTaskExecutor'
2022-04-08 10:10:15.452  WARN 17506 --- [main] ion$DefaultTemplateResolverConfiguration : Cannot find template location: classpath:/templates/ (please add some templates or check your Thymeleaf configuration)
2022-04-08 10:10:15.610  INFO 17506 --- [main] o.s.s.c.ThreadPoolTaskScheduler          : Initializing ExecutorService 'taskScheduler'
2022-04-08 10:10:15.654  INFO 17506 --- [main] d.s.w.p.DocumentationPluginsBootstrapper : Context refreshed
2022-04-08 10:10:15.684  INFO 17506 --- [main] d.s.w.p.DocumentationPluginsBootstrapper : Found 1 custom documentation plugin(s)
2022-04-08 10:10:15.717  INFO 17506 --- [main] s.d.s.w.s.ApiListingReferenceScanner     : Scanning for api listing references
2022-04-08 10:10:15.935  INFO 17506 --- [main] o.s.b.w.embedded.tomcat.TomcatWebServer  : Tomcat started on port(s): 9004 (http) with context path ''
2022-04-08 10:10:15.937  INFO 17506 --- [main] gov.nist.hit.vs.bootstrap.app.App        : Started App in 29.318 seconds (JVM running for 29.802)
2022-04-08 10:12:30.882  INFO 17506 --- [http-nio-9004-exec-1] o.a.c.c.C.[Tomcat].[localhost].[/]       : Initializing Spring DispatcherServlet 'dispatcherServlet'
2022-04-08 10:12:30.910  WARN 17506 --- [http-nio-9004-exec-1] g.n.hit.vs.auth.config.JwtRequestFilter  : JWT Token does not begin with Bearer String
2022-04-08 10:12:31.013  WARN 17506 --- [http-nio-9004-exec-2] g.n.hit.vs.auth.config.JwtRequestFilter  : JWT Token does not begin with Bearer String
2022-04-08 10:12:42.022  WARN 17506 --- [http-nio-9004-exec-3] g.n.hit.vs.auth.config.JwtRequestFilter  : JWT Token does not begin with Bearer String
2022-04-08 10:12:42.105  WARN 17506 --- [http-nio-9004-exec-4] g.n.hit.vs.auth.config.JwtRequestFilter  : JWT Token does not begin with Bearer String
2022-04-08 10:12:57.164  INFO 17506 --- [Thread-3] o.s.s.c.ThreadPoolTaskScheduler          : Shutting down ExecutorService 'taskScheduler'
2022-04-08 10:12:57.166  INFO 17506 --- [Thread-3] o.s.s.concurrent.ThreadPoolTaskExecutor  : Shutting down ExecutorService 'applicationTaskExecutor'
